<?xml version="1.0" encoding="UTF-8"?>
<!-- Generated by org.testng.reporters.JUnitReportReporter -->
<testsuite skipped="0" hostname="DESKTOP-HKE7GUM" name="com.atipune.pom.tests.HomePageTests" tests="4" failures="0" timestamp="2021-12-18T10:34:15 IST" time="1.602" errors="0">
  <testcase name="verifyHomePageTitle" time="0.057" classname="com.atipune.pom.tests.HomePageTests"/>
  <system-out/>
  <testcase name="verifyNewArrivalsEnabled" time="0.177" classname="com.atipune.pom.tests.HomePageTests"/>
  <system-out/>
  <testcase name="verifyNewArrivalsDisplayed" time="0.157" classname="com.atipune.pom.tests.HomePageTests"/>
  <system-out/>
  <testcase name="verifyFirstBookTitle" time="1.211" classname="com.atipune.pom.tests.HomePageTests"/>
  <system-out/>
</testsuite> <!-- com.atipune.pom.tests.HomePageTests -->
